#
# A fatal error has been detected by the Java Runtime Environment:
#
#  Internal Error (safepoint.cpp:919), pid=88680, tid=86275
#  fatal error: Illegal threadstate encountered: 4
#
# JRE version: Java(TM) SE Runtime Environment 18.9 (11.0.8+10) (build 11.0.8+10-LTS)
# Java VM: Java HotSpot(TM) 64-Bit Server VM 18.9 (11.0.8+10-LTS, mixed mode, tiered, compressed oops, g1 gc, bsd-amd64)
# No core dump will be written. Core dumps have been disabled. To enable core dumping, try "ulimit -c unlimited" before starting Java again
#
# If you would like to submit a bug report, please visit:
#   https://bugreport.java.com/bugreport/crash.jsp
# The crash happened outside the Java Virtual Machine in native code.
# See problematic frame for where to report the bug.
#

---------------  S U M M A R Y ------------

Command Line: --module-path=/Users/aaron/Developer/Java/JavaFX/javafx-sdk-11.0.2/lib --add-modules=javafx.fxml,javafx.controls,javafx.graphics -Djava.library.path=/Users/aaron/Developer/Java/JavaFX/javafx-sdk-11.0.2/lib -javaagent:/Applications/IntelliJ IDEA.app/Contents/lib/idea_rt.jar=49587:/Applications/IntelliJ IDEA.app/Contents/bin -Dfile.encoding=UTF-8 main.Main

Host: Macmini9,1 x86_64 2400 MHz, 8 cores, 8G, Darwin 21.1.0
Time: Wed Jan 26 12:49:27 2022 CST elapsed time: 51865 seconds (0d 14h 24m 25s)

---------------  T H R E A D  ---------------

Current thread (0x00007fa00f14e800):  JavaThread "InvokeLaterDispatcher" daemon [_thread_in_native, id=86275, stack(0x0000000306697000,0x0000000306797000)]

Stack: [0x0000000306697000,0x0000000306797000],  sp=0x0000000306795330,  free space=1016k
Native frames: (J=compiled Java code, A=aot compiled Java code, j=interpreted, Vv=VM code, C=native code)
V  [libjvm.dylib+0x785b9a]  _ZN7VMError14report_and_dieEiPKcS1_P13__va_list_tagP6ThreadPhPvS7_S1_im+0x63c
V  [libjvm.dylib+0x78621d]  _ZN7VMError14report_and_dieEP6ThreadPvPKciS4_S4_P13__va_list_tag+0x47
V  [libjvm.dylib+0x2650aa]  _Z12report_fatalPKciS0_z+0xb5
V  [libjvm.dylib+0x6a5799]  _ZN20SafepointSynchronize5blockEP10JavaThread+0x1cf
V  [libjvm.dylib+0x734a3a]  _ZN10JavaThread44check_safepoint_and_suspend_for_native_transEPS_+0xaa
V  [libjvm.dylib+0x3d7f9c]  jni_DeleteGlobalRef+0x93
C  [libglass.dylib+0x8851]  -[GlassRunnable dealloc]+0x31
C  [Foundation+0x8210b]  -[_NSThreadPerformInfo dealloc]+0x2a
C  [Foundation+0x4edc7]  -[NSObject(NSThreadPerformAdditions) performSelectorOnMainThread:withObject:waitUntilDone:]+0x7c
J 3636  com.sun.glass.ui.mac.MacApplication._submitForLaterInvocation(Ljava/lang/Runnable;)V javafx.graphics (0 bytes) @ 0x000000011bd2450c [0x000000011bd24440+0x00000000000000cc]
J 4306% c2 com.sun.glass.ui.InvokeLaterDispatcher.run()V javafx.graphics (153 bytes) @ 0x000000011bcc2190 [0x000000011bcc1e80+0x0000000000000310]
v  ~StubRoutines::call_stub
V  [libjvm.dylib+0x39c9da]  _ZN9JavaCalls11call_helperEP9JavaValueRK12methodHandleP17JavaCallArgumentsP6Thread+0x21a
V  [libjvm.dylib+0x39be40]  _ZN9JavaCalls12call_virtualEP9JavaValueP5KlassP6SymbolS5_P17JavaCallArgumentsP6Thread+0xee
V  [libjvm.dylib+0x39befc]  _ZN9JavaCalls12call_virtualEP9JavaValue6HandleP5KlassP6SymbolS6_P6Thread+0x62
V  [libjvm.dylib+0x420ee8]  _ZL12thread_entryP10JavaThreadP6Thread+0x78
V  [libjvm.dylib+0x733412]  _ZN10JavaThread17thread_main_innerEv+0x82
V  [libjvm.dylib+0x73325d]  _ZN10JavaThread3runEv+0x1a3
V  [libjvm.dylib+0x731068]  _ZN6Thread8call_runEv+0x60
V  [libjvm.dylib+0x635e47]  _ZL19thread_native_entryP6Thread+0x139
C  [libsystem_pthread.dylib+0x6514]  _pthread_start+0x7d
C  [libsystem_pthread.dylib+0x202f]  thread_start+0xf

Java frames: (J=compiled Java code, j=interpreted, Vv=VM code)
J 3636  com.sun.glass.ui.mac.MacApplication._submitForLaterInvocation(Ljava/lang/Runnable;)V javafx.graphics (0 bytes) @ 0x000000011bd2449c [0x000000011bd24440+0x000000000000005c]
J 4306% c2 com.sun.glass.ui.InvokeLaterDispatcher.run()V javafx.graphics (153 bytes) @ 0x000000011bcc2190 [0x000000011bcc1e80+0x0000000000000310]
v  ~StubRoutines::call_stub

---------------  P R O C E S S  ---------------

Threads class SMR info:
_java_thread_list=0x00006000017f3ca0, length=18, elements={
0x00007fa00f00b800, 0x00007fa00f094800, 0x00007fa00f097800, 0x00007fa010029800,
0x00007fa01002a000, 0x00007f9fee80d000, 0x00007fa01002b000, 0x00007fa00e815000,
0x00007fa00e95f000, 0x00007fa0100ee800, 0x00007f9fee85a000, 0x00007fa00e971800,
0x00007fa00f14e800, 0x00007fa010221000, 0x00007fa00f168800, 0x00007fa00ea03000,
0x00007f9fee955000, 0x00007f9fbf2c6800
}

Java Threads: ( => current thread )
  0x00007fa00f00b800 JavaThread "main" [_thread_blocked, id=7427, stack(0x00000003051c8000,0x00000003052c8000)]
  0x00007fa00f094800 JavaThread "Reference Handler" daemon [_thread_blocked, id=16643, stack(0x00000003058dd000,0x00000003059dd000)]
  0x00007fa00f097800 JavaThread "Finalizer" daemon [_thread_blocked, id=16131, stack(0x00000003059e0000,0x0000000305ae0000)]
  0x00007fa010029800 JavaThread "Signal Dispatcher" daemon [_thread_blocked, id=41475, stack(0x0000000305bf3000,0x0000000305cf3000)]
  0x00007fa01002a000 JavaThread "C2 CompilerThread0" daemon [_thread_blocked, id=23811, stack(0x0000000305cf6000,0x0000000305df6000)]
  0x00007f9fee80d000 JavaThread "C1 CompilerThread0" daemon [_thread_blocked, id=24323, stack(0x0000000305df9000,0x0000000305ef9000)]
  0x00007fa01002b000 JavaThread "Sweeper thread" daemon [_thread_blocked, id=24835, stack(0x0000000305efc000,0x0000000305ffc000)]
  0x00007fa00e815000 JavaThread "Common-Cleaner" daemon [_thread_blocked, id=25603, stack(0x0000000305fff000,0x00000003060ff000)]
  0x00007fa00e95f000 JavaThread "Monitor Ctrl-Break" daemon [_thread_in_native, id=38659, stack(0x0000000306102000,0x0000000306202000)]
  0x00007fa0100ee800 JavaThread "Service Thread" daemon [_thread_blocked, id=26115, stack(0x0000000306205000,0x0000000306305000)]
  0x00007f9fee85a000 JavaThread "Attach Listener" daemon [_thread_blocked, id=27651, stack(0x000000030640b000,0x000000030650b000)]
  0x00007fa00e971800 JavaThread "QuantumRenderer-0" daemon [_thread_blocked, id=35843, stack(0x000000030650e000,0x000000030660e000)]
=>0x00007fa00f14e800 JavaThread "InvokeLaterDispatcher" daemon [_thread_in_native, id=86275, stack(0x0000000306697000,0x0000000306797000)]
  0x00007fa010221000 JavaThread "JavaFX Application Thread" [_thread_in_native_trans, id=259, stack(0x0000000304945000,0x0000000305145000)]
  0x00007fa00f168800 JavaThread "Thread-2" daemon [_thread_in_native, id=53507, stack(0x000000030679a000,0x000000030681a000)]
  0x00007fa00ea03000 JavaThread "JavaFX-Launcher" [_thread_blocked, id=60711, stack(0x00000003069ae000,0x0000000306aae000)]
  0x00007f9fee955000 JavaThread "Prism Font Disposer" daemon [_thread_blocked, id=68355, stack(0x00000003070c3000,0x00000003071c3000)]
  0x00007f9fbf2c6800 JavaThread "Cleaner-0" daemon [_thread_blocked, id=174339, stack(0x000000030724f000,0x000000030734f000)]

Other Threads:
  0x00007fa00f093800 VMThread "VM Thread" [stack: 0x00000003057da000,0x00000003058da000] [id=14339]
  0x00007fa00e962000 WatcherThread [stack: 0x0000000306308000,0x0000000306408000] [id=27031]
  0x00007fa00f011800 GCTaskThread "GC Thread#0" [stack: 0x00000003052cb000,0x00000003053cb000] [id=12291]
  0x00007fa010258800 GCTaskThread "GC Thread#1" [stack: 0x0000000306ab1000,0x0000000306bb1000] [id=61451]
  0x00007fa010266800 GCTaskThread "GC Thread#2" [stack: 0x0000000306bb4000,0x0000000306cb4000] [id=61699]
  0x00007fa00f178000 GCTaskThread "GC Thread#3" [stack: 0x0000000306cb7000,0x0000000306db7000] [id=71939]
  0x00007fa00f171000 GCTaskThread "GC Thread#4" [stack: 0x0000000306dba000,0x0000000306eba000] [id=62211]
  0x00007fa00f172000 GCTaskThread "GC Thread#5" [stack: 0x0000000306ebd000,0x0000000306fbd000] [id=71427]
  0x00007fa00e834800 ConcurrentGCThread "G1 Main Marker" [stack: 0x00000003053ce000,0x00000003054ce000] [id=18691]
  0x00007f9fee808800 ConcurrentGCThread "G1 Conc#0" [stack: 0x00000003054d1000,0x00000003055d1000] [id=17923]
  0x00007f9fbe936000 ConcurrentGCThread "G1 Conc#1" [stack: 0x0000000306fc0000,0x00000003070c0000] [id=68783]
  0x00007fa00e835000 ConcurrentGCThread "G1 Refine#0" [stack: 0x00000003055d4000,0x00000003056d4000] [id=13059]
  0x00007fa00e836000 ConcurrentGCThread "G1 Young RemSet Sampling" [stack: 0x00000003056d7000,0x00000003057d7000] [id=13315]

Threads with active compile tasks:

VM state:not at safepoint (normal execution)

VM Mutex/Monitor currently owned by a thread: None

Heap address: 0x0000000780000000, size: 2048 MB, Compressed Oops mode: Zero based, Oop shift amount: 3
Narrow klass base: 0x0000000800000000, Narrow klass shift: 0
Compressed class space size: 1073741824 Address: 0x0000000800000000

Heap:
 garbage-first heap   total 131072K, used 15617K [0x0000000780000000, 0x0000000800000000)
  region size 1024K, 4 young (4096K), 1 survivors (1024K)
 Metaspace       used 27574K, capacity 28706K, committed 28800K, reserved 1075200K
  class space    used 3454K, capacity 3953K, committed 3968K, reserved 1048576K
Heap Regions: E=young(eden), S=young(survivor), O=old, HS=humongous(starts), HC=humongous(continues), CS=collection set, F=free, A=archive, TAMS=top-at-mark-start (previous, next)
|   0|0x0000000780000000, 0x0000000780100000, 0x0000000780100000|100%| O|  |TAMS 0x0000000780100000, 0x0000000780000000| Untracked 
|   1|0x0000000780100000, 0x0000000780200000, 0x0000000780200000|100%| O|  |TAMS 0x0000000780103400, 0x0000000780100000| Untracked 
|   2|0x0000000780200000, 0x0000000780300000, 0x0000000780300000|100%|HS|  |TAMS 0x0000000780200000, 0x0000000780200000| Complete 
|   3|0x0000000780300000, 0x0000000780400000, 0x0000000780400000|100%|HC|  |TAMS 0x0000000780300000, 0x0000000780300000| Complete 
|   4|0x0000000780400000, 0x0000000780500000, 0x0000000780500000|100%| O|  |TAMS 0x0000000780400000, 0x0000000780400000| Untracked 
|   5|0x0000000780500000, 0x0000000780600000, 0x0000000780600000|100%| O|  |TAMS 0x0000000780500000, 0x0000000780500000| Untracked 
|   6|0x0000000780600000, 0x0000000780700000, 0x0000000780700000|100%| O|  |TAMS 0x0000000780600000, 0x0000000780600000| Untracked 
|   7|0x0000000780700000, 0x0000000780800000, 0x0000000780800000|100%| O|  |TAMS 0x0000000780700000, 0x0000000780700000| Untracked 
|   8|0x0000000780800000, 0x0000000780900000, 0x0000000780900000|100%| O|  |TAMS 0x0000000780800000, 0x0000000780800000| Untracked 
|   9|0x0000000780900000, 0x0000000780a00000, 0x0000000780a00000|100%| O|  |TAMS 0x0000000780900000, 0x0000000780900000| Untracked 
|  10|0x0000000780a00000, 0x0000000780b00000, 0x0000000780b00000|100%| O|  |TAMS 0x0000000780a00000, 0x0000000780a00000| Untracked 
|  11|0x0000000780b00000, 0x0000000780c00000, 0x0000000780c00000|100%| O|  |TAMS 0x0000000780b00000, 0x0000000780b00000| Untracked 
|  12|0x0000000780c00000, 0x0000000780d00000, 0x0000000780d00000|100%| O|  |TAMS 0x0000000780c00000, 0x0000000780c00000| Untracked 
|  13|0x0000000780d00000, 0x0000000780d3ec00, 0x0000000780e00000| 24%| O|  |TAMS 0x0000000780d00000, 0x0000000780d00000| Untracked 
|  14|0x0000000780e00000, 0x0000000780e00000, 0x0000000780f00000|  0%| F|  |TAMS 0x0000000780e00000, 0x0000000780e00000| Untracked 
|  15|0x0000000780f00000, 0x0000000780f00000, 0x0000000781000000|  0%| F|  |TAMS 0x0000000780f00000, 0x0000000780f00000| Untracked 
|  16|0x0000000781000000, 0x0000000781000000, 0x0000000781100000|  0%| F|  |TAMS 0x0000000781000000, 0x0000000781000000| Untracked 
|  17|0x0000000781100000, 0x0000000781100000, 0x0000000781200000|  0%| F|  |TAMS 0x0000000781100000, 0x0000000781100000| Untracked 
|  18|0x0000000781200000, 0x0000000781200000, 0x0000000781300000|  0%| F|  |TAMS 0x0000000781200000, 0x0000000781200000| Untracked 
|  19|0x0000000781300000, 0x0000000781300000, 0x0000000781400000|  0%| F|  |TAMS 0x0000000781300000, 0x0000000781300000| Untracked 
|  20|0x0000000781400000, 0x0000000781400000, 0x0000000781500000|  0%| F|  |TAMS 0x0000000781400000, 0x0000000781400000| Untracked 
|  21|0x0000000781500000, 0x0000000781500000, 0x0000000781600000|  0%| F|  |TAMS 0x0000000781500000, 0x0000000781500000| Untracked 
|  22|0x0000000781600000, 0x0000000781600000, 0x0000000781700000|  0%| F|  |TAMS 0x0000000781600000, 0x0000000781600000| Untracked 
|  23|0x0000000781700000, 0x0000000781700000, 0x0000000781800000|  0%| F|  |TAMS 0x0000000781700000, 0x0000000781700000| Untracked 
|  24|0x0000000781800000, 0x0000000781800000, 0x0000000781900000|  0%| F|  |TAMS 0x0000000781800000, 0x0000000781800000| Untracked 
|  25|0x0000000781900000, 0x0000000781900000, 0x0000000781a00000|  0%| F|  |TAMS 0x0000000781900000, 0x0000000781900000| Untracked 
|  26|0x0000000781a00000, 0x0000000781a00000, 0x0000000781b00000|  0%| F|  |TAMS 0x0000000781a00000, 0x0000000781a00000| Untracked 
|  27|0x0000000781b00000, 0x0000000781b00000, 0x0000000781c00000|  0%| F|  |TAMS 0x0000000781b00000, 0x0000000781b00000| Untracked 
|  28|0x0000000781c00000, 0x0000000781c00000, 0x0000000781d00000|  0%| F|  |TAMS 0x0000000781c00000, 0x0000000781c00000| Untracked 
|  29|0x0000000781d00000, 0x0000000781d00000, 0x0000000781e00000|  0%| F|  |TAMS 0x0000000781d00000, 0x0000000781d00000| Untracked 
|  30|0x0000000781e00000, 0x0000000781e00000, 0x0000000781f00000|  0%| F|  |TAMS 0x0000000781e00000, 0x0000000781e00000| Untracked 
|  31|0x0000000781f00000, 0x0000000781f00000, 0x0000000782000000|  0%| F|  |TAMS 0x0000000781f00000, 0x0000000781f00000| Untracked 
|  32|0x0000000782000000, 0x0000000782000000, 0x0000000782100000|  0%| F|  |TAMS 0x0000000782000000, 0x0000000782000000| Untracked 
|  33|0x0000000782100000, 0x0000000782100000, 0x0000000782200000|  0%| F|  |TAMS 0x0000000782100000, 0x0000000782100000| Untracked 
|  34|0x0000000782200000, 0x0000000782200000, 0x0000000782300000|  0%| F|  |TAMS 0x0000000782200000, 0x0000000782200000| Untracked 
|  35|0x0000000782300000, 0x0000000782300000, 0x0000000782400000|  0%| F|  |TAMS 0x0000000782300000, 0x0000000782300000| Untracked 
|  36|0x0000000782400000, 0x0000000782400000, 0x0000000782500000|  0%| F|  |TAMS 0x0000000782400000, 0x0000000782400000| Untracked 
|  37|0x0000000782500000, 0x0000000782500000, 0x0000000782600000|  0%| F|  |TAMS 0x0000000782500000, 0x0000000782500000| Untracked 
|  38|0x0000000782600000, 0x0000000782600000, 0x0000000782700000|  0%| F|  |TAMS 0x0000000782600000, 0x0000000782600000| Untracked 
|  39|0x0000000782700000, 0x0000000782700000, 0x0000000782800000|  0%| F|  |TAMS 0x0000000782700000, 0x0000000782700000| Untracked 
|  40|0x0000000782800000, 0x0000000782800000, 0x0000000782900000|  0%| F|  |TAMS 0x0000000782800000, 0x0000000782800000| Untracked 
|  41|0x0000000782900000, 0x0000000782900000, 0x0000000782a00000|  0%| F|  |TAMS 0x0000000782900000, 0x0000000782900000| Untracked 
|  42|0x0000000782a00000, 0x0000000782a00000, 0x0000000782b00000|  0%| F|  |TAMS 0x0000000782a00000, 0x0000000782a00000| Untracked 
|  43|0x0000000782b00000, 0x0000000782b00000, 0x0000000782c00000|  0%| F|  |TAMS 0x0000000782b00000, 0x0000000782b00000| Untracked 
|  44|0x0000000782c00000, 0x0000000782c00000, 0x0000000782d00000|  0%| F|  |TAMS 0x0000000782c00000, 0x0000000782c00000| Untracked 
|  45|0x0000000782d00000, 0x0000000782d00000, 0x0000000782e00000|  0%| F|  |TAMS 0x0000000782d00000, 0x0000000782d00000| Untracked 
|  46|0x0000000782e00000, 0x0000000782e00000, 0x0000000782f00000|  0%| F|  |TAMS 0x0000000782e00000, 0x0000000782e00000| Untracked 
|  47|0x0000000782f00000, 0x0000000782f00000, 0x0000000783000000|  0%| F|  |TAMS 0x0000000782f00000, 0x0000000782f00000| Untracked 
|  48|0x0000000783000000, 0x0000000783000000, 0x0000000783100000|  0%| F|  |TAMS 0x0000000783000000, 0x0000000783000000| Untracked 
|  49|0x0000000783100000, 0x0000000783100000, 0x0000000783200000|  0%| F|  |TAMS 0x0000000783100000, 0x0000000783100000| Untracked 
|  50|0x0000000783200000, 0x0000000783200000, 0x0000000783300000|  0%| F|  |TAMS 0x0000000783200000, 0x0000000783200000| Untracked 
|  51|0x0000000783300000, 0x0000000783300000, 0x0000000783400000|  0%| F|  |TAMS 0x0000000783300000, 0x0000000783300000| Untracked 
|  52|0x0000000783400000, 0x0000000783401830, 0x0000000783500000|  0%| S|CS|TAMS 0x0000000783400000, 0x0000000783400000| Complete 
|  53|0x0000000783500000, 0x0000000783500000, 0x0000000783600000|  0%| F|  |TAMS 0x0000000783500000, 0x0000000783500000| Untracked 
|  54|0x0000000783600000, 0x0000000783600000, 0x0000000783700000|  0%| F|  |TAMS 0x0000000783600000, 0x0000000783600000| Untracked 
|  55|0x0000000783700000, 0x0000000783700000, 0x0000000783800000|  0%| F|  |TAMS 0x0000000783700000, 0x0000000783700000| Untracked 
|  56|0x0000000783800000, 0x0000000783800000, 0x0000000783900000|  0%| F|  |TAMS 0x0000000783800000, 0x0000000783800000| Untracked 
|  57|0x0000000783900000, 0x0000000783900000, 0x0000000783a00000|  0%| F|  |TAMS 0x0000000783900000, 0x0000000783900000| Untracked 
|  58|0x0000000783a00000, 0x0000000783a00000, 0x0000000783b00000|  0%| F|  |TAMS 0x0000000783a00000, 0x0000000783a00000| Untracked 
|  59|0x0000000783b00000, 0x0000000783b00000, 0x0000000783c00000|  0%| F|  |TAMS 0x0000000783b00000, 0x0000000783b00000| Untracked 
|  60|0x0000000783c00000, 0x0000000783c00000, 0x0000000783d00000|  0%| F|  |TAMS 0x0000000783c00000, 0x0000000783c00000| Untracked 
|  61|0x0000000783d00000, 0x0000000783d00000, 0x0000000783e00000|  0%| F|  |TAMS 0x0000000783d00000, 0x0000000783d00000| Untracked 
|  62|0x0000000783e00000, 0x0000000783e00000, 0x0000000783f00000|  0%| F|  |TAMS 0x0000000783e00000, 0x0000000783e00000| Untracked 
|  63|0x0000000783f00000, 0x0000000783f00000, 0x0000000784000000|  0%| F|  |TAMS 0x0000000783f00000, 0x0000000783f00000| Untracked 
|  64|0x0000000784000000, 0x0000000784000000, 0x0000000784100000|  0%| F|  |TAMS 0x0000000784000000, 0x0000000784000000| Untracked 
|  65|0x0000000784100000, 0x0000000784100000, 0x0000000784200000|  0%| F|  |TAMS 0x0000000784100000, 0x0000000784100000| Untracked 
|  66|0x0000000784200000, 0x0000000784200000, 0x0000000784300000|  0%| F|  |TAMS 0x0000000784200000, 0x0000000784200000| Untracked 
|  67|0x0000000784300000, 0x0000000784300000, 0x0000000784400000|  0%| F|  |TAMS 0x0000000784300000, 0x0000000784300000| Untracked 
|  68|0x0000000784400000, 0x0000000784400000, 0x0000000784500000|  0%| F|  |TAMS 0x0000000784400000, 0x0000000784400000| Untracked 
|  69|0x0000000784500000, 0x0000000784500000, 0x0000000784600000|  0%| F|  |TAMS 0x0000000784500000, 0x0000000784500000| Untracked 
|  70|0x0000000784600000, 0x0000000784600000, 0x0000000784700000|  0%| F|  |TAMS 0x0000000784600000, 0x0000000784600000| Untracked 
|  71|0x0000000784700000, 0x0000000784700000, 0x0000000784800000|  0%| F|  |TAMS 0x0000000784700000, 0x0000000784700000| Untracked 
|  72|0x0000000784800000, 0x0000000784800000, 0x0000000784900000|  0%| F|  |TAMS 0x0000000784800000, 0x0000000784800000| Untracked 
|  73|0x0000000784900000, 0x0000000784900000, 0x0000000784a00000|  0%| F|  |TAMS 0x0000000784900000, 0x0000000784900000| Untracked 
|  74|0x0000000784a00000, 0x0000000784a00000, 0x0000000784b00000|  0%| F|  |TAMS 0x0000000784a00000, 0x0000000784a00000| Untracked 
|  75|0x0000000784b00000, 0x0000000784b00000, 0x0000000784c00000|  0%| F|  |TAMS 0x0000000784b00000, 0x0000000784b00000| Untracked 
|  76|0x0000000784c00000, 0x0000000784c00000, 0x0000000784d00000|  0%| F|  |TAMS 0x0000000784c00000, 0x0000000784c00000| Untracked 
|  77|0x0000000784d00000, 0x0000000784d00000, 0x0000000784e00000|  0%| F|  |TAMS 0x0000000784d00000, 0x0000000784d00000| Untracked 
|  78|0x0000000784e00000, 0x0000000784e00000, 0x0000000784f00000|  0%| F|  |TAMS 0x0000000784e00000, 0x0000000784e00000| Untracked 
|  79|0x0000000784f00000, 0x0000000784f00000, 0x0000000785000000|  0%| F|  |TAMS 0x0000000784f00000, 0x0000000784f00000| Untracked 
|  80|0x0000000785000000, 0x0000000785000000, 0x0000000785100000|  0%| F|  |TAMS 0x0000000785000000, 0x0000000785000000| Untracked 
|  81|0x0000000785100000, 0x0000000785100000, 0x0000000785200000|  0%| F|  |TAMS 0x0000000785100000, 0x0000000785100000| Untracked 
|  82|0x0000000785200000, 0x0000000785200000, 0x0000000785300000|  0%| F|  |TAMS 0x0000000785200000, 0x0000000785200000| Untracked 
|  83|0x0000000785300000, 0x0000000785300000, 0x0000000785400000|  0%| F|  |TAMS 0x0000000785300000, 0x0000000785300000| Untracked 
|  84|0x0000000785400000, 0x0000000785400000, 0x0000000785500000|  0%| F|  |TAMS 0x0000000785400000, 0x0000000785400000| Untracked 
|  85|0x0000000785500000, 0x0000000785500000, 0x0000000785600000|  0%| F|  |TAMS 0x0000000785500000, 0x0000000785500000| Untracked 
|  86|0x0000000785600000, 0x0000000785600000, 0x0000000785700000|  0%| F|  |TAMS 0x0000000785600000, 0x0000000785600000| Untracked 
|  87|0x0000000785700000, 0x0000000785700000, 0x0000000785800000|  0%| F|  |TAMS 0x0000000785700000, 0x0000000785700000| Untracked 
|  88|0x0000000785800000, 0x0000000785800000, 0x0000000785900000|  0%| F|  |TAMS 0x0000000785800000, 0x0000000785800000| Untracked 
|  89|0x0000000785900000, 0x0000000785900000, 0x0000000785a00000|  0%| F|  |TAMS 0x0000000785900000, 0x0000000785900000| Untracked 
|  90|0x0000000785a00000, 0x0000000785a00000, 0x0000000785b00000|  0%| F|  |TAMS 0x0000000785a00000, 0x0000000785a00000| Untracked 
|  91|0x0000000785b00000, 0x0000000785b00000, 0x0000000785c00000|  0%| F|  |TAMS 0x0000000785b00000, 0x0000000785b00000| Untracked 
|  92|0x0000000785c00000, 0x0000000785c00000, 0x0000000785d00000|  0%| F|  |TAMS 0x0000000785c00000, 0x0000000785c00000| Untracked 
|  93|0x0000000785d00000, 0x0000000785d00000, 0x0000000785e00000|  0%| F|  |TAMS 0x0000000785d00000, 0x0000000785d00000| Untracked 
|  94|0x0000000785e00000, 0x0000000785e00000, 0x0000000785f00000|  0%| F|  |TAMS 0x0000000785e00000, 0x0000000785e00000| Untracked 
|  95|0x0000000785f00000, 0x0000000785f00000, 0x0000000786000000|  0%| F|  |TAMS 0x0000000785f00000, 0x0000000785f00000| Untracked 
|  96|0x0000000786000000, 0x0000000786000000, 0x0000000786100000|  0%| F|  |TAMS 0x0000000786000000, 0x0000000786000000| Untracked 
|  97|0x0000000786100000, 0x0000000786100000, 0x0000000786200000|  0%| F|  |TAMS 0x0000000786100000, 0x0000000786100000| Untracked 
|  98|0x0000000786200000, 0x0000000786200000, 0x0000000786300000|  0%| F|  |TAMS 0x0000000786200000, 0x0000000786200000| Untracked 
|  99|0x0000000786300000, 0x0000000786300000, 0x0000000786400000|  0%| F|  |TAMS 0x0000000786300000, 0x0000000786300000| Untracked 
| 100|0x0000000786400000, 0x0000000786400000, 0x0000000786500000|  0%| F|  |TAMS 0x0000000786400000, 0x0000000786400000| Untracked 
| 101|0x0000000786500000, 0x0000000786500000, 0x0000000786600000|  0%| F|  |TAMS 0x0000000786500000, 0x0000000786500000| Untracked 
| 102|0x0000000786600000, 0x0000000786600000, 0x0000000786700000|  0%| F|  |TAMS 0x0000000786600000, 0x0000000786600000| Untracked 
| 103|0x0000000786700000, 0x0000000786700000, 0x0000000786800000|  0%| F|  |TAMS 0x0000000786700000, 0x0000000786700000| Untracked 
| 104|0x0000000786800000, 0x0000000786800000, 0x0000000786900000|  0%| F|  |TAMS 0x0000000786800000, 0x0000000786800000| Untracked 
| 105|0x0000000786900000, 0x0000000786900000, 0x0000000786a00000|  0%| F|  |TAMS 0x0000000786900000, 0x0000000786900000| Untracked 
| 106|0x0000000786a00000, 0x0000000786a00000, 0x0000000786b00000|  0%| F|  |TAMS 0x0000000786a00000, 0x0000000786a00000| Untracked 
| 107|0x0000000786b00000, 0x0000000786b00000, 0x0000000786c00000|  0%| F|  |TAMS 0x0000000786b00000, 0x0000000786b00000| Untracked 
| 108|0x0000000786c00000, 0x0000000786c00000, 0x0000000786d00000|  0%| F|  |TAMS 0x0000000786c00000, 0x0000000786c00000| Untracked 
| 109|0x0000000786d00000, 0x0000000786d00000, 0x0000000786e00000|  0%| F|  |TAMS 0x0000000786d00000, 0x0000000786d00000| Untracked 
| 110|0x0000000786e00000, 0x0000000786e00000, 0x0000000786f00000|  0%| F|  |TAMS 0x0000000786e00000, 0x0000000786e00000| Untracked 
| 111|0x0000000786f00000, 0x0000000786f00000, 0x0000000787000000|  0%| F|  |TAMS 0x0000000786f00000, 0x0000000786f00000| Untracked 
| 112|0x0000000787000000, 0x0000000787000000, 0x0000000787100000|  0%| F|  |TAMS 0x0000000787000000, 0x0000000787000000| Untracked 
| 113|0x0000000787100000, 0x0000000787100000, 0x0000000787200000|  0%| F|  |TAMS 0x0000000787100000, 0x0000000787100000| Untracked 
| 114|0x0000000787200000, 0x0000000787200000, 0x0000000787300000|  0%| F|  |TAMS 0x0000000787200000, 0x0000000787200000| Untracked 
| 115|0x0000000787300000, 0x0000000787300000, 0x0000000787400000|  0%| F|  |TAMS 0x0000000787300000, 0x0000000787300000| Untracked 
| 116|0x0000000787400000, 0x0000000787400000, 0x0000000787500000|  0%| F|  |TAMS 0x0000000787400000, 0x0000000787400000| Untracked 
| 117|0x0000000787500000, 0x0000000787500000, 0x0000000787600000|  0%| F|  |TAMS 0x0000000787500000, 0x0000000787500000| Untracked 
| 118|0x0000000787600000, 0x0000000787600000, 0x0000000787700000|  0%| F|  |TAMS 0x0000000787600000, 0x0000000787600000| Untracked 
| 119|0x0000000787700000, 0x0000000787700000, 0x0000000787800000|  0%| F|  |TAMS 0x0000000787700000, 0x0000000787700000| Untracked 
| 120|0x0000000787800000, 0x0000000787800000, 0x0000000787900000|  0%| F|  |TAMS 0x0000000787800000, 0x0000000787800000| Untracked 
| 121|0x0000000787900000, 0x0000000787900000, 0x0000000787a00000|  0%| F|  |TAMS 0x0000000787900000, 0x0000000787900000| Untracked 
| 122|0x0000000787a00000, 0x0000000787a00000, 0x0000000787b00000|  0%| F|  |TAMS 0x0000000787a00000, 0x0000000787a00000| Untracked 
| 123|0x0000000787b00000, 0x0000000787b00000, 0x0000000787c00000|  0%| F|  |TAMS 0x0000000787b00000, 0x0000000787b00000| Untracked 
| 124|0x0000000787c00000, 0x0000000787c00000, 0x0000000787d00000|  0%| F|  |TAMS 0x0000000787c00000, 0x0000000787c00000| Untracked 
| 125|0x0000000787d00000, 0x0000000787d86cd0, 0x0000000787e00000| 52%| E|  |TAMS 0x0000000787d00000, 0x0000000787d00000| Complete 
| 126|0x0000000787e00000, 0x0000000787f00000, 0x0000000787f00000|100%| E|CS|TAMS 0x0000000787e00000, 0x0000000787e00000| Complete 
| 127|0x0000000787f00000, 0x0000000788000000, 0x0000000788000000|100%| E|CS|TAMS 0x0000000787f00000, 0x0000000787f00000| Complete 

Card table byte_map: [0x00000001094e0000,0x00000001098e0000] _byte_map_base: 0x00000001058e0000

Marking Bits (Prev, Next): (CMBitMap*) 0x00007fa00e82bc50, (CMBitMap*) 0x00007fa00e82bc18
 Prev Bits: [0x00000001254e6000, 0x00000001274e6000)
 Next Bits: [0x00000001234e6000, 0x00000001254e6000)

Polling page: 0x00000001006e7000

Metaspace:

Usage:
  Non-class:     24.17 MB capacity,    23.55 MB ( 97%) used,   503.56 KB (  2%) free+waste,   129.38 KB ( <1%) overhead. 
      Class:      3.86 MB capacity,     3.37 MB ( 87%) used,   433.09 KB ( 11%) free+waste,    65.56 KB (  2%) overhead. 
       Both:     28.03 MB capacity,    26.93 MB ( 96%) used,   936.66 KB (  3%) free+waste,   194.94 KB ( <1%) overhead. 

Virtual space:
  Non-class space:       26.00 MB reserved,      24.25 MB ( 93%) committed 
      Class space:        1.00 GB reserved,       3.88 MB ( <1%) committed 
             Both:        1.03 GB reserved,      28.12 MB (  3%) committed 

Chunk freelists:
   Non-Class:  9.88 KB
       Class:  1.88 KB
        Both:  11.75 KB

CodeHeap 'non-profiled nmethods': size=120032Kb used=2159Kb max_used=2258Kb free=117872Kb
 bounds [0x000000011bbae000, 0x000000011be1e000, 0x00000001230e6000]
CodeHeap 'profiled nmethods': size=120028Kb used=6415Kb max_used=8526Kb free=113612Kb
 bounds [0x0000000114677000, 0x0000000114ed7000, 0x000000011bbae000]
CodeHeap 'non-nmethods': size=5700Kb used=1329Kb max_used=1355Kb free=4370Kb
 bounds [0x00000001140e6000, 0x0000000114356000, 0x0000000114677000]
 total_blobs=4451 nmethods=3680 adapters=683
 compilation: enabled
              stopped_count=0, restarted_count=0
 full_count=0

Compilation events (10 events):
Event: 8340.472 Thread 0x00007fa01002a000 4327 % !   4       java.util.concurrent.ThreadPoolExecutor::runWorker @ 21 (187 bytes)
Event: 8340.501 Thread 0x00007fa01002a000 nmethod 4327% 0x000000011bcde110 code [0x000000011bcde300, 0x000000011bcdea70]
Event: 18535.917 Thread 0x00007f9fee80d000 4328   !   3       com.sun.javafx.tk.quantum.QuantumToolkit::addRenderJob (72 bytes)
Event: 18535.933 Thread 0x00007f9fee80d000 nmethod 4328 0x0000000114687a90 code [0x0000000114687da0, 0x0000000114689248]
Event: 18913.902 Thread 0x00007fa01002a000 4329   !   4       com.sun.javafx.tk.quantum.QuantumToolkit::addRenderJob (72 bytes)
Event: 18913.946 Thread 0x00007fa01002a000 nmethod 4329 0x000000011bc58210 code [0x000000011bc583a0, 0x000000011bc584c8]
Event: 31884.470 Thread 0x00007f9fee80d000 4330       3       java.util.concurrent.ThreadPoolExecutor::execute (132 bytes)
Event: 31884.491 Thread 0x00007f9fee80d000 nmethod 4330 0x0000000114681090 code [0x0000000114681340, 0x0000000114682008]
Event: 32241.170 Thread 0x00007fa01002a000 4331       4       java.util.concurrent.ThreadPoolExecutor::execute (132 bytes)
Event: 32241.253 Thread 0x00007fa01002a000 nmethod 4331 0x000000011bcc4190 code [0x000000011bcc4440, 0x000000011bcc6370]

GC Heap History (10 events):
Event: 50364.177 GC heap before
{Heap before GC invocations=132 (full 0):
 garbage-first heap   total 131072K, used 90367K [0x0000000780000000, 0x0000000800000000)
  region size 1024K, 76 young (77824K), 1 survivors (1024K)
 Metaspace       used 27574K, capacity 28706K, committed 28800K, reserved 1075200K
  class space    used 3454K, capacity 3953K, committed 3968K, reserved 1048576K
}
Event: 50364.187 GC heap after
{Heap after GC invocations=133 (full 0):
 garbage-first heap   total 131072K, used 13571K [0x0000000780000000, 0x0000000800000000)
  region size 1024K, 1 young (1024K), 1 survivors (1024K)
 Metaspace       used 27574K, capacity 28706K, committed 28800K, reserved 1075200K
  class space    used 3454K, capacity 3953K, committed 3968K, reserved 1048576K
}
Event: 50724.971 GC heap before
{Heap before GC invocations=133 (full 0):
 garbage-first heap   total 131072K, used 90371K [0x0000000780000000, 0x0000000800000000)
  region size 1024K, 76 young (77824K), 1 survivors (1024K)
 Metaspace       used 27574K, capacity 28706K, committed 28800K, reserved 1075200K
  class space    used 3454K, capacity 3953K, committed 3968K, reserved 1048576K
}
Event: 50724.974 GC heap after
{Heap after GC invocations=134 (full 0):
 garbage-first heap   total 131072K, used 13571K [0x0000000780000000, 0x0000000800000000)
  region size 1024K, 1 young (1024K), 1 survivors (1024K)
 Metaspace       used 27574K, capacity 28706K, committed 28800K, reserved 1075200K
  class space    used 3454K, capacity 3953K, committed 3968K, reserved 1048576K
}
Event: 51087.238 GC heap before
{Heap before GC invocations=134 (full 0):
 garbage-first heap   total 131072K, used 90371K [0x0000000780000000, 0x0000000800000000)
  region size 1024K, 76 young (77824K), 1 survivors (1024K)
 Metaspace       used 27574K, capacity 28706K, committed 28800K, reserved 1075200K
  class space    used 3454K, capacity 3953K, committed 3968K, reserved 1048576K
}
Event: 51087.242 GC heap after
{Heap after GC invocations=135 (full 0):
 garbage-first heap   total 131072K, used 13569K [0x0000000780000000, 0x0000000800000000)
  region size 1024K, 1 young (1024K), 1 survivors (1024K)
 Metaspace       used 27574K, capacity 28706K, committed 28800K, reserved 1075200K
  class space    used 3454K, capacity 3953K, committed 3968K, reserved 1048576K
}
Event: 51457.340 GC heap before
{Heap before GC invocations=135 (full 0):
 garbage-first heap   total 131072K, used 90369K [0x0000000780000000, 0x0000000800000000)
  region size 1024K, 76 young (77824K), 1 survivors (1024K)
 Metaspace       used 27574K, capacity 28706K, committed 28800K, reserved 1075200K
  class space    used 3454K, capacity 3953K, committed 3968K, reserved 1048576K
}
Event: 51457.344 GC heap after
{Heap after GC invocations=136 (full 0):
 garbage-first heap   total 131072K, used 13569K [0x0000000780000000, 0x0000000800000000)
  region size 1024K, 1 young (1024K), 1 survivors (1024K)
 Metaspace       used 27574K, capacity 28706K, committed 28800K, reserved 1075200K
  class space    used 3454K, capacity 3953K, committed 3968K, reserved 1048576K
}
Event: 51856.025 GC heap before
{Heap before GC invocations=136 (full 0):
 garbage-first heap   total 131072K, used 90369K [0x0000000780000000, 0x0000000800000000)
  region size 1024K, 76 young (77824K), 1 survivors (1024K)
 Metaspace       used 27574K, capacity 28706K, committed 28800K, reserved 1075200K
  class space    used 3454K, capacity 3953K, committed 3968K, reserved 1048576K
}
Event: 51856.027 GC heap after
{Heap after GC invocations=137 (full 0):
 garbage-first heap   total 131072K, used 13569K [0x0000000780000000, 0x0000000800000000)
  region size 1024K, 1 young (1024K), 1 survivors (1024K)
 Metaspace       used 27574K, capacity 28706K, committed 28800K, reserved 1075200K
  class space    used 3454K, capacity 3953K, committed 3968K, reserved 1048576K
}

Deoptimization events (10 events):
Event: 16.405 Thread 0x00007fa010221000 Uncommon trap: reason=unstable_if action=reinterpret pc=0x000000011bd23334 method=com.sun.javafx.text.TextRun.getPosX(I)F @ 75 c2
Event: 28.695 Thread 0x00007fa00e971800 Uncommon trap: reason=unstable_if action=reinterpret pc=0x000000011bd5604c method=com.sun.prism.es2.ES2Context.updateShaderTransform(Lcom/sun/prism/ps/Shader;Lcom/sun/javafx/geom/transform/BaseTransform;)V @ 81 c2
Event: 268.959 Thread 0x00007fa00e971800 Uncommon trap: reason=unstable_if action=reinterpret pc=0x000000011bdda0c4 method=java.util.concurrent.locks.AbstractQueuedSynchronizer.doReleaseShared()V @ 69 c2
Event: 2527.611 Thread 0x00007fa00e971800 Uncommon trap: reason=unstable_if action=reinterpret pc=0x000000011bc58028 method=com.sun.prism.impl.Disposer.disposeUnreachables()V @ 9 c2
Event: 2527.627 Thread 0x00007fa00e971800 Uncommon trap: reason=null_check action=make_not_entrant pc=0x000000011bcc5330 method=com.sun.prism.impl.BaseResourcePool$WeakLinkedList.getResource()Lcom/sun/prism/impl/ManagedResource; @ 7 c2
Event: 2527.628 Thread 0x00007fa00e971800 Uncommon trap: reason=unstable_if action=reinterpret pc=0x000000011bdabd00 method=com.sun.prism.impl.ManagedResource._isgone(Lcom/sun/prism/impl/ManagedResource;)Z @ 1 c2
Event: 2910.018 Thread 0x00007fa00f168800 Uncommon trap: reason=unstable_if action=reinterpret pc=0x000000011bd6af08 method=java.util.concurrent.locks.ReentrantLock$Sync.nonfairTryAcquire(I)Z @ 10 c2
Event: 2910.019 Thread 0x00007fa00f168800 Uncommon trap: reason=unstable_if action=reinterpret pc=0x000000011bdb7870 method=java.util.concurrent.locks.AbstractQueuedSynchronizer.acquire(I)V @ 5 c2
Event: 18525.305 Thread 0x00007fa010221000 Uncommon trap: reason=unstable_if action=reinterpret pc=0x000000011bc073d8 method=java.util.concurrent.locks.ReentrantLock$Sync.nonfairTryAcquire(I)Z @ 10 c2
Event: 31875.422 Thread 0x00007fa010221000 Uncommon trap: reason=unstable_if action=reinterpret pc=0x000000011bc75b38 method=java.util.concurrent.locks.ReentrantLock$Sync.nonfairTryAcquire(I)Z @ 10 c2

Classes redefined (0 events):
No events

Internal exceptions (10 events):
Event: 5.382 Thread 0x00007fa010221000 Exception <a 'java/lang/NoSuchMethodError'{0x0000000786662900}: java.lang.invoke.DirectMethodHandle$Holder.invokeStatic(Ljava/lang/Object;Ljava/lang/Object;J)Ljava/lang/Object;> (0x0000000786662900) thrown at [./open/src/hotspot/share/interpreter/linkReso
Event: 5.387 Thread 0x00007fa010221000 Exception <a 'java/lang/NoSuchMethodError'{0x0000000786668a78}: java.lang.invoke.Invokers$Holder.linkToTargetMethod(Ljava/lang/Object;JLjava/lang/Object;)Ljava/lang/Object;> (0x0000000786668a78) thrown at [./open/src/hotspot/share/interpreter/linkResolver
Event: 5.409 Thread 0x00007fa010221000 Implicit null exception at 0x000000011bc9a542 to 0x000000011bc9c97a
Event: 7.207 Thread 0x00007fa010221000 Exception <a 'java/lang/NoSuchMethodError'{0x000000078657c638}: java.lang.invoke.DirectMethodHandle$Holder.invokeStatic(Ljava/lang/Object;Ljava/lang/Object;IIIIILjava/lang/Object;)Ljava/lang/Object;> (0x000000078657c638) thrown at [./open/src/hotspot/shar
Event: 7.209 Thread 0x00007fa010221000 Exception <a 'java/lang/NoSuchMethodError'{0x000000078658d108}: java.lang.invoke.DirectMethodHandle$Holder.invokeStatic(Ljava/lang/Object;Ljava/lang/Object;Ljava/lang/Object;IIIII)Ljava/lang/Object;> (0x000000078658d108) thrown at [./open/src/hotspot/shar
Event: 7.211 Thread 0x00007fa010221000 Exception <a 'java/lang/NoSuchMethodError'{0x0000000786593968}: java.lang.invoke.Invokers$Holder.linkToTargetMethod(Ljava/lang/Object;Ljava/lang/Object;IIIIILjava/lang/Object;)Ljava/lang/Object;> (0x0000000786593968) thrown at [./open/src/hotspot/share/in
Event: 7.214 Thread 0x00007fa010221000 Implicit null exception at 0x000000011bcef18b to 0x000000011bcef5a2
Event: 29.165 Thread 0x00007fa010221000 Exception <a 'java/lang/NullPointerException'{0x00000007856185f8}> (0x00000007856185f8) thrown at [./open/src/hotspot/share/interpreter/linkResolver.cpp, line 1354]
Event: 2527.618 Thread 0x00007fa00e971800 Implicit null exception at 0x000000011bcc46a9 to 0x000000011bcc531a
Event: 2527.628 Thread 0x00007fa00e971800 Implicit null exception at 0x000000011bdabcac to 0x000000011bdabcf2

Events (10 events):
Event: 50364.171 Executing VM operation: G1CollectForAllocation
Event: 50364.188 Executing VM operation: G1CollectForAllocation done
Event: 50724.968 Executing VM operation: G1CollectForAllocation
Event: 50724.974 Executing VM operation: G1CollectForAllocation done
Event: 51087.236 Executing VM operation: G1CollectForAllocation
Event: 51087.242 Executing VM operation: G1CollectForAllocation done
Event: 51457.338 Executing VM operation: G1CollectForAllocation
Event: 51457.344 Executing VM operation: G1CollectForAllocation done
Event: 51856.023 Executing VM operation: G1CollectForAllocation
Event: 51856.027 Executing VM operation: G1CollectForAllocation done


Dynamic libraries:
0x0000000108d15000 	/Library/Java/JavaVirtualMachines/jdk-11.0.8.jdk/Contents/Home/lib/jli/libjli.dylib
0x00007ff83368c000 	/System/Library/Frameworks/Cocoa.framework/Versions/A/Cocoa
0x00007ff81ef2d000 	/System/Library/Frameworks/AppKit.framework/Versions/C/AppKit
0x00007ff82247d000 	/System/Library/Frameworks/CoreData.framework/Versions/A/CoreData
0x00007ff81d348000 	/System/Library/Frameworks/Foundation.framework/Versions/C/Foundation
0x00007ff827770000 	/usr/lib/libSystem.B.dylib
0x00007ff81fdba000 	/System/Library/PrivateFrameworks/UIFoundation.framework/Versions/A/UIFoundation
0x00007ff82d664000 	/System/Library/PrivateFrameworks/RemoteViewServices.framework/Versions/A/RemoteViewServices
0x00007ff825963000 	/System/Library/PrivateFrameworks/XCTTargetBootstrap.framework/Versions/A/XCTTargetBootstrap
0x00007ff82963b000 	/System/Library/PrivateFrameworks/InternationalSupport.framework/Versions/A/InternationalSupport
0x00007ff8296c5000 	/System/Library/PrivateFrameworks/UserActivity.framework/Versions/A/UserActivity
0x00007ff828a22000 	/usr/lib/libspindump.dylib
0x00007ff820048000 	/System/Library/Frameworks/UniformTypeIdentifiers.framework/Versions/A/UniformTypeIdentifiers
0x00007ff8240a2000 	/usr/lib/libapp_launch_measurement.dylib
0x00007ff822e57000 	/System/Library/PrivateFrameworks/CoreAnalytics.framework/Versions/A/CoreAnalytics
0x00007ff8240a5000 	/System/Library/PrivateFrameworks/CoreAutoLayout.framework/Versions/A/CoreAutoLayout
0x00007ff8252c4000 	/System/Library/Frameworks/Metal.framework/Versions/A/Metal
0x00007ff825fdb000 	/usr/lib/liblangid.dylib
0x00007ff825967000 	/System/Library/PrivateFrameworks/CoreSVG.framework/Versions/A/CoreSVG
0x00007ff82140a000 	/System/Library/PrivateFrameworks/SkyLight.framework/Versions/A/SkyLight
0x00007ff82179b000 	/System/Library/Frameworks/CoreGraphics.framework/Versions/A/CoreGraphics
0x00007ff82dccf000 	/System/Library/Frameworks/Accelerate.framework/Versions/A/Accelerate
0x00007ff82849d000 	/System/Library/PrivateFrameworks/IconServices.framework/Versions/A/IconServices
0x00007ff8252a9000 	/System/Library/Frameworks/IOSurface.framework/Versions/A/IOSurface
0x00007ff822e85000 	/usr/lib/libDiagnosticMessagesClient.dylib
0x00007ff82768a000 	/usr/lib/libz.1.dylib
0x00007ff83132e000 	/System/Library/Frameworks/ApplicationServices.framework/Versions/A/ApplicationServices
0x00007ff82594f000 	/System/Library/PrivateFrameworks/DFRFoundation.framework/Versions/A/DFRFoundation
0x00007ff81e81e000 	/usr/lib/libicucore.A.dylib
0x00007ff82a35d000 	/System/Library/Frameworks/AudioToolbox.framework/Versions/A/AudioToolbox
0x00007ff829647000 	/System/Library/PrivateFrameworks/DataDetectorsCore.framework/Versions/A/DataDetectorsCore
0x00007ff924ddc000 	/System/Library/PrivateFrameworks/TextInput.framework/Versions/A/TextInput
0x00007ff82138d000 	/usr/lib/libMobileGestalt.dylib
0x00007ff825657000 	/System/Library/Frameworks/Carbon.framework/Versions/A/Frameworks/HIToolbox.framework/Versions/A/HIToolbox
0x00007ff823ad0000 	/System/Library/Frameworks/QuartzCore.framework/Versions/A/QuartzCore
0x00007ff81e4bf000 	/System/Library/Frameworks/Security.framework/Versions/A/Security
0x00007ff82d69c000 	/System/Library/Frameworks/Carbon.framework/Versions/A/Frameworks/SpeechRecognition.framework/Versions/A/SpeechRecognition
0x00007ff823e02000 	/System/Library/PrivateFrameworks/CoreUI.framework/Versions/A/CoreUI
0x00007ff81dd99000 	/System/Library/Frameworks/CoreAudio.framework/Versions/A/CoreAudio
0x00007ff822f73000 	/System/Library/Frameworks/DiskArbitration.framework/Versions/A/DiskArbitration
0x00007ff828e05000 	/System/Library/PrivateFrameworks/MultitouchSupport.framework/Versions/A/MultitouchSupport
0x00007ff82138c000 	/usr/lib/libenergytrace.dylib
0x00007ff81ee19000 	/System/Library/Frameworks/IOKit.framework/Versions/A/IOKit
0x00007ff82da86000 	/System/Library/Frameworks/CoreServices.framework/Versions/A/CoreServices
0x00007ff82403c000 	/System/Library/PrivateFrameworks/PerformanceAnalysis.framework/Versions/A/PerformanceAnalysis
0x00007ffa3484b000 	/System/Library/Frameworks/OpenGL.framework/Versions/A/OpenGL
0x00007ff826cc2000 	/System/Library/PrivateFrameworks/MobileKeyBag.framework/Versions/A/MobileKeyBag
0x00007ff81c3e0000 	/usr/lib/libobjc.A.dylib
0x00007ff821eca000 	/System/Library/Frameworks/ColorSync.framework/Versions/A/ColorSync
0x00007ff81c59c000 	/System/Library/Frameworks/CoreFoundation.framework/Versions/A/CoreFoundation
0x00007ff825be2000 	/System/Library/Frameworks/CoreImage.framework/Versions/A/CoreImage
0x00007ff81dbaf000 	/System/Library/Frameworks/CoreText.framework/Versions/A/CoreText
0x00007ff825996000 	/System/Library/Frameworks/ImageIO.framework/Versions/A/ImageIO
0x00007ff827776000 	/System/Library/PrivateFrameworks/SoftLinking.framework/Versions/A/SoftLinking
0x00007ff8240ed000 	/usr/lib/libxml2.2.dylib
0x00007ff81c4a9000 	/usr/lib/libc++.1.dylib
0x00007ff8279f6000 	/usr/lib/libcompression.dylib
0x00007ff829571000 	/System/Library/PrivateFrameworks/TextureIO.framework/Versions/A/TextureIO
0x00007ff828116000 	/usr/lib/libate.dylib
0x00007ff82776b000 	/usr/lib/system/libcache.dylib
0x00007ff827727000 	/usr/lib/system/libcommonCrypto.dylib
0x00007ff827750000 	/usr/lib/system/libcompiler_rt.dylib
0x00007ff827746000 	/usr/lib/system/libcopyfile.dylib
0x00007ff81c2da000 	/usr/lib/system/libcorecrypto.dylib
0x00007ff81c399000 	/usr/lib/system/libdispatch.dylib
0x00007ff81c55b000 	/usr/lib/system/libdyld.dylib
0x00007ff827762000 	/usr/lib/system/libkeymgr.dylib
0x00007ff827705000 	/usr/lib/system/libmacho.dylib
0x00007ff826d96000 	/usr/lib/system/libquarantine.dylib
0x00007ff827760000 	/usr/lib/system/libremovefile.dylib
0x00007ff8213d9000 	/usr/lib/system/libsystem_asl.dylib
0x00007ff81c288000 	/usr/lib/system/libsystem_blocks.dylib
0x00007ff81c420000 	/usr/lib/system/libsystem_c.dylib
0x00007ff827758000 	/usr/lib/system/libsystem_collections.dylib
0x00007ff825fcc000 	/usr/lib/system/libsystem_configuration.dylib
0x00007ff82528c000 	/usr/lib/system/libsystem_containermanager.dylib
0x00007ff82743e000 	/usr/lib/system/libsystem_coreservices.dylib
0x00007ff81eaa7000 	/usr/lib/system/libsystem_darwin.dylib
0x00007ff827763000 	/usr/lib/system/libsystem_dnssd.dylib
0x00007ff81c41d000 	/usr/lib/system/libsystem_featureflags.dylib
0x00007ff81c571000 	/usr/lib/system/libsystem_info.dylib
0x00007ff82769d000 	/usr/lib/system/libsystem_m.dylib
0x00007ff81c36d000 	/usr/lib/system/libsystem_malloc.dylib
0x00007ff821376000 	/usr/lib/system/libsystem_networkextension.dylib
0x00007ff81eecf000 	/usr/lib/system/libsystem_notify.dylib
0x00007ff82d95d000 	/usr/lib/system/libsystem_product_info_filter.dylib
0x00007ff825fd0000 	/usr/lib/system/libsystem_sandbox.dylib
0x00007ff82775d000 	/usr/lib/system/libsystem_secinit.dylib
0x00007ff81c518000 	/usr/lib/system/libsystem_kernel.dylib
0x00007ff81c567000 	/usr/lib/system/libsystem_platform.dylib
0x00007ff81c54f000 	/usr/lib/system/libsystem_pthread.dylib
0x00007ff822c9d000 	/usr/lib/system/libsystem_symptoms.dylib
0x00007ff81c2c1000 	/usr/lib/system/libsystem_trace.dylib
0x00007ff827733000 	/usr/lib/system/libunwind.dylib
0x00007ff81c28a000 	/usr/lib/system/libxpc.dylib
0x00007ff81c502000 	/usr/lib/libc++abi.dylib
0x00007ff82773e000 	/usr/lib/liboah.dylib
0x00007ff827ecf000 	/usr/lib/liblzma.5.dylib
0x00007ff81d059000 	/System/Library/Frameworks/SystemConfiguration.framework/Versions/A/SystemConfiguration
0x00007ff827772000 	/usr/lib/libfakelink.dylib
0x00007ff820ee0000 	/System/Library/Frameworks/CFNetwork.framework/Versions/A/CFNetwork
0x00007ff8278b1000 	/usr/lib/libarchive.2.dylib
0x00007ff825fd7000 	/System/Library/PrivateFrameworks/AppleSystemInfo.framework/Versions/A/AppleSystemInfo
0x00007ff826dbc000 	/usr/lib/libbsm.0.dylib
0x00007ff820517000 	/usr/lib/libnetwork.dylib
0x00007ff82770b000 	/usr/lib/system/libkxld.dylib
0x00007ff8269eb000 	/System/Library/PrivateFrameworks/IOMobileFramebuffer.framework/Versions/A/IOMobileFramebuffer
0x00007ffb321ed000 	/usr/lib/libCoreEntitlements.dylib
0x00007ff827420000 	/System/Library/PrivateFrameworks/AppleFSCompression.framework/Versions/A/AppleFSCompression
0x00007ff826da5000 	/usr/lib/libcoretls.dylib
0x00007ff827ee9000 	/usr/lib/libcoretls_cfhelpers.dylib
0x00007ff8279f1000 	/usr/lib/libpam.2.dylib
0x00007ff8228c3000 	/usr/lib/libsqlite3.dylib
0x00007ff827f58000 	/usr/lib/libxar.1.dylib
0x00007ff827430000 	/usr/lib/libbz2.1.0.dylib
0x00007ff827777000 	/usr/lib/libpcap.A.dylib
0x00007ff822c94000 	/usr/lib/libdns_services.dylib
0x00007ff8279c3000 	/usr/lib/libapple_nghttp2.dylib
0x00007ff8277ae000 	/usr/lib/libiconv.2.dylib
0x00007ff827704000 	/usr/lib/libcharset.1.dylib
0x00007ff824070000 	/System/Library/Frameworks/CoreServices.framework/Versions/A/Frameworks/FSEvents.framework/Versions/A/FSEvents
0x00007ff81eab1000 	/System/Library/Frameworks/CoreServices.framework/Versions/A/Frameworks/CarbonCore.framework/Versions/A/CarbonCore
0x00007ff822ed8000 	/System/Library/Frameworks/CoreServices.framework/Versions/A/Frameworks/Metadata.framework/Versions/A/Metadata
0x00007ff827443000 	/System/Library/Frameworks/CoreServices.framework/Versions/A/Frameworks/OSServices.framework/Versions/A/OSServices
0x00007ff827937000 	/System/Library/Frameworks/CoreServices.framework/Versions/A/Frameworks/SearchKit.framework/Versions/A/SearchKit
0x00007ff822c26000 	/System/Library/Frameworks/CoreServices.framework/Versions/A/Frameworks/AE.framework/Versions/A/AE
0x00007ff81ca9d000 	/System/Library/Frameworks/CoreServices.framework/Versions/A/Frameworks/LaunchServices.framework/Versions/A/LaunchServices
0x00007ff827e80000 	/System/Library/Frameworks/CoreServices.framework/Versions/A/Frameworks/DictionaryServices.framework/Versions/A/DictionaryServices
0x00007ff82407d000 	/System/Library/Frameworks/CoreServices.framework/Versions/A/Frameworks/SharedFileList.framework/Versions/A/SharedFileList
0x00007ff826d99000 	/usr/lib/libCheckFix.dylib
0x00007ff8213f0000 	/System/Library/PrivateFrameworks/TCC.framework/Versions/A/TCC
0x00007ff825fdd000 	/System/Library/PrivateFrameworks/CoreNLP.framework/Versions/A/CoreNLP
0x00007ff822e88000 	/System/Library/PrivateFrameworks/MetadataUtilities.framework/Versions/A/MetadataUtilities
0x00007ff81d109000 	/usr/lib/libmecabra.dylib
0x00007ff826dcc000 	/usr/lib/libmecab.dylib
0x00007ff81d0d4000 	/usr/lib/libCRFSuite.dylib
0x00007ff826e29000 	/usr/lib/libgermantok.dylib
0x00007ff82799e000 	/usr/lib/libThaiTokenizer.dylib
0x00007ff822f7a000 	/System/Library/Frameworks/Accelerate.framework/Versions/A/Frameworks/vImage.framework/Versions/A/vImage
0x00007ff82da5d000 	/System/Library/Frameworks/Accelerate.framework/Versions/A/Frameworks/vecLib.framework/Versions/A/vecLib
0x00007ff827f99000 	/System/Library/Frameworks/Accelerate.framework/Versions/A/Frameworks/vecLib.framework/Versions/A/libvMisc.dylib
0x00007ff8267df000 	/System/Library/Frameworks/Accelerate.framework/Versions/A/Frameworks/vecLib.framework/Versions/A/libvDSP.dylib
0x00007ff81ce15000 	/System/Library/Frameworks/Accelerate.framework/Versions/A/Frameworks/vecLib.framework/Versions/A/libBLAS.dylib
0x00007ff827ad3000 	/System/Library/Frameworks/Accelerate.framework/Versions/A/Frameworks/vecLib.framework/Versions/A/libLAPACK.dylib
0x00007ff826e2c000 	/System/Library/Frameworks/Accelerate.framework/Versions/A/Frameworks/vecLib.framework/Versions/A/libLinearAlgebra.dylib
0x00007ff8279dc000 	/System/Library/Frameworks/Accelerate.framework/Versions/A/Frameworks/vecLib.framework/Versions/A/libSparseBLAS.dylib
0x00007ff827acd000 	/System/Library/Frameworks/Accelerate.framework/Versions/A/Frameworks/vecLib.framework/Versions/A/libQuadrature.dylib
0x00007ff8260c7000 	/System/Library/Frameworks/Accelerate.framework/Versions/A/Frameworks/vecLib.framework/Versions/A/libBNNS.dylib
0x00007ff81cfea000 	/System/Library/Frameworks/Accelerate.framework/Versions/A/Frameworks/vecLib.framework/Versions/A/libSparse.dylib
0x00007ff8260c0000 	/System/Library/PrivateFrameworks/LinguisticData.framework/Versions/A/LinguisticData
0x00007ff81cf9f000 	/System/Library/PrivateFrameworks/Lexicon.framework/Versions/A/Lexicon
0x00007ff827f92000 	/usr/lib/libChineseTokenizer.dylib
0x00007ff81d703000 	/System/Library/PrivateFrameworks/LanguageModeling.framework/Versions/A/LanguageModeling
0x00007ff8279a0000 	/System/Library/PrivateFrameworks/AppleSauce.framework/Versions/A/AppleSauce
0x00007ff8269d9000 	/System/Library/PrivateFrameworks/CoreEmoji.framework/Versions/A/CoreEmoji
0x00007ff8278a0000 	/usr/lib/libcmph.dylib
0x00007ff824054000 	/System/Library/Frameworks/OpenDirectory.framework/Versions/A/Frameworks/CFOpenDirectory.framework/Versions/A/CFOpenDirectory
0x00007ff824048000 	/System/Library/Frameworks/OpenDirectory.framework/Versions/A/OpenDirectory
0x00007ff827eeb000 	/System/Library/PrivateFrameworks/APFS.framework/Versions/A/APFS
0x00007ff826cfa000 	/System/Library/Frameworks/SecurityFoundation.framework/Versions/A/SecurityFoundation
0x00007ff827f66000 	/usr/lib/libutil.dylib
0x00007ff81eddc000 	/System/Library/PrivateFrameworks/CoreServicesStore.framework/Versions/A/CoreServicesStore
0x00007ff827f6a000 	/usr/lib/libxslt.1.dylib
0x00007ff826d87000 	/System/Library/PrivateFrameworks/BackgroundTaskManagement.framework/Versions/A/BackgroundTaskManagement
0x00007ff829493000 	/System/Library/Frameworks/ImageIO.framework/Versions/A/Resources/libRadiance.dylib
0x00007ff82949c000 	/System/Library/Frameworks/ImageIO.framework/Versions/A/Resources/libJPEG.dylib
0x00007ff8293ed000 	/System/Library/Frameworks/ImageIO.framework/Versions/A/Resources/libPng.dylib
0x00007ff82940e000 	/System/Library/Frameworks/ImageIO.framework/Versions/A/Resources/libTIFF.dylib
0x00007ff8294fa000 	/System/Library/Frameworks/ImageIO.framework/Versions/A/Resources/libGIF.dylib
0x00007ff828d22000 	/System/Library/Frameworks/ImageIO.framework/Versions/A/Resources/libJP2.dylib
0x00007ff828464000 	/usr/lib/libexpat.1.dylib
0x00007ff828cd7000 	/System/Library/PrivateFrameworks/AppleJPEG.framework/Versions/A/AppleJPEG
0x00007ff82551e000 	/System/Library/PrivateFrameworks/FontServices.framework/libFontParser.dylib
0x00007ff822bd0000 	/System/Library/PrivateFrameworks/RunningBoardServices.framework/Versions/A/RunningBoardServices
0x00007ff833bfd000 	/System/Library/PrivateFrameworks/IOSurfaceAccelerator.framework/Versions/A/IOSurfaceAccelerator
0x00007ff828e01000 	/System/Library/PrivateFrameworks/WatchdogClient.framework/Versions/A/WatchdogClient
0x00007ff81d7f2000 	/System/Library/Frameworks/CoreDisplay.framework/Versions/A/CoreDisplay
0x00007ff82541e000 	/System/Library/Frameworks/CoreMedia.framework/Versions/A/CoreMedia
0x00007ff8252bb000 	/System/Library/PrivateFrameworks/IOAccelerator.framework/Versions/A/IOAccelerator
0x00007ff8241d0000 	/System/Library/Frameworks/CoreVideo.framework/Versions/A/CoreVideo
0x00007ff8279ef000 	/System/Library/Frameworks/MetalPerformanceShaders.framework/Versions/A/MetalPerformanceShaders
0x00007ff828e3c000 	/System/Library/Frameworks/VideoToolbox.framework/Versions/A/VideoToolbox
0x00007ff822b18000 	/System/Library/PrivateFrameworks/BaseBoard.framework/Versions/A/BaseBoard
0x00007ff8228a9000 	/System/Library/PrivateFrameworks/ProtocolBuffer.framework/Versions/A/ProtocolBuffer
0x00007ff82948c000 	/System/Library/PrivateFrameworks/GPUWrangler.framework/Versions/A/GPUWrangler
0x00007ff82946f000 	/System/Library/PrivateFrameworks/IOPresentment.framework/Versions/A/IOPresentment
0x00007ff829496000 	/System/Library/PrivateFrameworks/DSExternalDisplay.framework/Versions/A/DSExternalDisplay
0x00007ffa3483f000 	/System/Library/Frameworks/OpenGL.framework/Versions/A/Libraries/libCoreFSCache.dylib
0x00007ffb207ec000 	/System/Library/PrivateFrameworks/GPUCompiler.framework/Versions/31001/Libraries/libGPUCompilerUtils.dylib
0x00007ff8294ff000 	/System/Library/PrivateFrameworks/CMCaptureCore.framework/Versions/A/CMCaptureCore
0x00007ff828a10000 	/System/Library/PrivateFrameworks/AppServerSupport.framework/Versions/A/AppServerSupport
0x00007ff82abda000 	/System/Library/PrivateFrameworks/perfdata.framework/Versions/A/perfdata
0x00007ff81d91e000 	/System/Library/PrivateFrameworks/AudioToolboxCore.framework/Versions/A/AudioToolboxCore
0x00007ff8253fb000 	/System/Library/PrivateFrameworks/caulk.framework/Versions/A/caulk
0x00007ff82a507000 	/usr/lib/libAudioStatistics.dylib
0x00007ff92169b000 	/System/Library/PrivateFrameworks/SystemPolicy.framework/Versions/A/SystemPolicy
0x00007ff82a753000 	/usr/lib/libSMC.dylib
0x00007ff83353f000 	/System/Library/Frameworks/CoreMIDI.framework/Versions/A/CoreMIDI
0x00007ff8293bd000 	/usr/lib/libAudioToolboxUtility.dylib
0x00007ff91db23000 	/System/Library/PrivateFrameworks/OSAServicesClient.framework/Versions/A/OSAServicesClient
0x00007ff82abe7000 	/usr/lib/libperfcheck.dylib
0x00007ff922127000 	/usr/lib/libmis.dylib
0x00007ffa3489b000 	/System/Library/Frameworks/OpenGL.framework/Versions/A/Libraries/libGLU.dylib
0x00007ffa3485e000 	/System/Library/Frameworks/OpenGL.framework/Versions/A/Libraries/libGFXShared.dylib
0x00007ffa34a6c000 	/System/Library/Frameworks/OpenGL.framework/Versions/A/Libraries/libGL.dylib
0x00007ffa34867000 	/System/Library/Frameworks/OpenGL.framework/Versions/A/Libraries/libGLImage.dylib
0x00007ffa3485b000 	/System/Library/Frameworks/OpenGL.framework/Versions/A/Libraries/libCVMSPluginSupport.dylib
0x00007ffa34846000 	/System/Library/Frameworks/OpenGL.framework/Versions/A/Libraries/libCoreVMClient.dylib
0x00007ff825f5b000 	/System/Library/Frameworks/MetalPerformanceShaders.framework/Versions/A/Frameworks/MPSCore.framework/Versions/A/MPSCore
0x00007ff82738b000 	/System/Library/Frameworks/MetalPerformanceShaders.framework/Versions/A/Frameworks/MPSImage.framework/Versions/A/MPSImage
0x00007ff826e42000 	/System/Library/Frameworks/MetalPerformanceShaders.framework/Versions/A/Frameworks/MPSNeuralNetwork.framework/Versions/A/MPSNeuralNetwork
0x00007ff8272b7000 	/System/Library/Frameworks/MetalPerformanceShaders.framework/Versions/A/Frameworks/MPSMatrix.framework/Versions/A/MPSMatrix
0x00007ff827073000 	/System/Library/Frameworks/MetalPerformanceShaders.framework/Versions/A/Frameworks/MPSRayIntersector.framework/Versions/A/MPSRayIntersector
0x00007ff8272f0000 	/System/Library/Frameworks/MetalPerformanceShaders.framework/Versions/A/Frameworks/MPSNDArray.framework/Versions/A/MPSNDArray
0x00007ffa39444000 	/System/Library/Frameworks/MetalPerformanceShaders.framework/Versions/A/Frameworks/MPSFunctions.framework/Versions/A/MPSFunctions
0x00007ff81ccf8000 	/System/Library/PrivateFrameworks/MetalTools.framework/Versions/A/MetalTools
0x00007ff825fd5000 	/System/Library/PrivateFrameworks/AggregateDictionary.framework/Versions/A/AggregateDictionary
0x00007ff828246000 	/usr/lib/libIOReport.dylib
0x00007ffa35e7b000 	/System/Library/Frameworks/OpenCL.framework/Versions/A/OpenCL
0x00007ff8285aa000 	/System/Library/PrivateFrameworks/FaceCore.framework/Versions/A/FaceCore
0x00007ff82859b000 	/System/Library/PrivateFrameworks/GraphVisualizer.framework/Versions/A/GraphVisualizer
0x00007ffb206f7000 	/System/Library/PrivateFrameworks/FontServices.framework/Versions/A/FontServices
0x00007ff8289c7000 	/System/Library/PrivateFrameworks/OTSVG.framework/Versions/A/OTSVG
0x00007ff823db8000 	/System/Library/Frameworks/ApplicationServices.framework/Versions/A/Frameworks/ATS.framework/Versions/A/Resources/libFontRegistry.dylib
0x00007ff828a18000 	/System/Library/PrivateFrameworks/FontServices.framework/libhvf.dylib
0x00007ffb206f8000 	/System/Library/PrivateFrameworks/FontServices.framework/libXTFontStaticRegistryData.dylib
0x00007ff828414000 	/System/Library/PrivateFrameworks/AppleVA.framework/Versions/A/AppleVA
0x00007ff82a527000 	/System/Library/Frameworks/ApplicationServices.framework/Versions/A/Frameworks/ATS.framework/Versions/A/ATS
0x00007ff821fc6000 	/System/Library/Frameworks/ApplicationServices.framework/Versions/A/Frameworks/HIServices.framework/Versions/A/HIServices
0x00007ff829509000 	/System/Library/Frameworks/ApplicationServices.framework/Versions/A/Frameworks/PrintCore.framework/Versions/A/PrintCore
0x00007ff82a8a6000 	/System/Library/Frameworks/ApplicationServices.framework/Versions/A/Frameworks/QD.framework/Versions/A/QD
0x00007ff82a89e000 	/System/Library/Frameworks/ApplicationServices.framework/Versions/A/Frameworks/ColorSyncLegacy.framework/Versions/A/ColorSyncLegacy
0x00007ff82a517000 	/System/Library/Frameworks/ApplicationServices.framework/Versions/A/Frameworks/SpeechSynthesis.framework/Versions/A/SpeechSynthesis
0x00007ff8294ca000 	/System/Library/Frameworks/ApplicationServices.framework/Versions/A/Frameworks/ATSUI.framework/Versions/A/ATSUI
0x00007ff82a833000 	/usr/lib/libcups.2.dylib
0x00007ff82abf6000 	/System/Library/Frameworks/Kerberos.framework/Versions/A/Kerberos
0x00007ff82ac05000 	/System/Library/Frameworks/GSS.framework/Versions/A/GSS
0x00007ff82a593000 	/usr/lib/libresolv.9.dylib
0x00007ff828a27000 	/System/Library/PrivateFrameworks/Heimdal.framework/Versions/A/Heimdal
0x00007ff8316a9000 	/System/Library/Frameworks/Kerberos.framework/Versions/A/Libraries/libHeimdalProxy.dylib
0x00007ff822ca5000 	/System/Library/Frameworks/Network.framework/Versions/A/Network
0x00007ff82847e000 	/usr/lib/libheimdal-asn1.dylib
0x00007ff82ac50000 	/System/Library/PrivateFrameworks/CommonAuth.framework/Versions/A/CommonAuth
0x00007ff82a498000 	/System/Library/PrivateFrameworks/AudioSession.framework/Versions/A/AudioSession
0x00007ff82850e000 	/System/Library/PrivateFrameworks/MediaExperience.framework/Versions/A/MediaExperience
0x00007ff82a32c000 	/System/Library/PrivateFrameworks/AudioSession.framework/libSessionUtility.dylib
0x00007ff82a8b2000 	/System/Library/PrivateFrameworks/AudioResourceArbitration.framework/Versions/A/AudioResourceArbitration
0x00007ff828487000 	/System/Library/PrivateFrameworks/IconFoundation.framework/Versions/A/IconFoundation
0x00007ff82d68c000 	/System/Library/PrivateFrameworks/SpeechRecognitionCore.framework/Versions/A/SpeechRecognitionCore
0x0000000109af2000 	/Library/Java/JavaVirtualMachines/jdk-11.0.8.jdk/Contents/Home/lib/server/libjvm.dylib
0x0000000108df3000 	/Library/Java/JavaVirtualMachines/jdk-11.0.8.jdk/Contents/Home/lib/libverify.dylib
0x0000000108e17000 	/Library/Java/JavaVirtualMachines/jdk-11.0.8.jdk/Contents/Home/lib/libjava.dylib
0x0000000108d85000 	/Library/Java/JavaVirtualMachines/jdk-11.0.8.jdk/Contents/Home/lib/libjimage.dylib
0x0000000108e8d000 	/Library/Java/JavaVirtualMachines/jdk-11.0.8.jdk/Contents/Home/lib/libinstrument.dylib
0x0000000108ef0000 	/Library/Java/JavaVirtualMachines/jdk-11.0.8.jdk/Contents/Home/lib/libzip.dylib
0x0000000109a38000 	/Library/Java/JavaVirtualMachines/jdk-11.0.8.jdk/Contents/Home/lib/libnio.dylib
0x0000000109a7d000 	/Library/Java/JavaVirtualMachines/jdk-11.0.8.jdk/Contents/Home/lib/libnet.dylib
0x0000000108dcf000 	/Library/Java/JavaVirtualMachines/jdk-11.0.8.jdk/Contents/Home/lib/libextnet.dylib
0x000000012be09000 	/Users/aaron/Developer/Java/JavaFX/javafx-sdk-11.0.2/lib/libprism_es2.dylib
0x00007ff81ed9d000 	/System/Library/PrivateFrameworks/CoreServicesInternal.framework/Versions/A/CoreServicesInternal
0x00007ffa34a77000 	/System/Library/Frameworks/OpenGL.framework/Versions/A/Resources/GLEngine.bundle/GLEngine
0x00007ffa348d9000 	/System/Library/Frameworks/OpenGL.framework/Versions/A/Libraries/libGLProgrammability.dylib
0x000000012c016000 	/System/Library/Extensions/AppleMetalOpenGLRenderer.bundle/Contents/MacOS/AppleMetalOpenGLRenderer
0x00007ffa34c06000 	/System/Library/Frameworks/OpenGL.framework/Versions/A/Resources/GLRendererFloat.bundle/GLRendererFloat
0x00007ffa369e5000 	/System/Library/Extensions/AGXMetal13_3.bundle/Contents/MacOS/AGXMetal13_3
0x00007ff922142000 	/System/Library/PrivateFrameworks/GPURawCounter.framework/Versions/A/GPURawCounter
0x00007ff91ccbf000 	/System/Library/PrivateFrameworks/IOGPU.framework/Versions/A/IOGPU
0x000000012c1f3000 	/Users/aaron/Developer/Java/JavaFX/javafx-sdk-11.0.2/lib/libglass.dylib
0x00007ff82ee5d000 	/System/Library/Frameworks/FileProvider.framework/Versions/A/FileProvider
0x00007ff822a84000 	/System/Library/Frameworks/Accounts.framework/Versions/A/Accounts
0x00007ff82efd5000 	/System/Library/PrivateFrameworks/GenerationalStorage.framework/Versions/A/GenerationalStorage
0x00007ff82fae2000 	/System/Library/PrivateFrameworks/CoreSymbolication.framework/Versions/A/CoreSymbolication
0x00007ff82e861000 	/System/Library/PrivateFrameworks/SymptomDiagnosticReporter.framework/Versions/A/SymptomDiagnosticReporter
0x00007ff82005c000 	/System/Library/PrivateFrameworks/DesktopServicesPriv.framework/Versions/A/DesktopServicesPriv
0x00007ff81eede000 	/usr/lib/libsandbox.1.dylib
0x00007ff82424e000 	/System/Library/PrivateFrameworks/UserManagement.framework/Versions/A/UserManagement
0x00007ff82faa7000 	/System/Library/PrivateFrameworks/DebugSymbols.framework/Versions/A/DebugSymbols
0x00007ff82a893000 	/System/Library/PrivateFrameworks/NetAuth.framework/Versions/A/NetAuth
0x00007ff82b77f000 	/System/Library/PrivateFrameworks/Sharing.framework/Versions/A/Sharing
0x00007ff824221000 	/System/Library/PrivateFrameworks/login.framework/Versions/A/Frameworks/loginsupport.framework/Versions/A/loginsupport
0x00007ff830bdf000 	/System/Library/PrivateFrameworks/Apple80211.framework/Versions/A/Apple80211
0x00007ff827470000 	/System/Library/PrivateFrameworks/AuthKit.framework/Versions/A/AuthKit
0x00007ff826acf000 	/System/Library/PrivateFrameworks/CoreUtils.framework/Versions/A/CoreUtils
0x00007ff8269f6000 	/System/Library/Frameworks/CoreWLAN.framework/Versions/A/CoreWLAN
0x00007ff82b8da000 	/System/Library/Frameworks/IOBluetooth.framework/Versions/A/IOBluetooth
0x00007ff830c47000 	/System/Library/PrivateFrameworks/CoreWiFi.framework/Versions/A/CoreWiFi
0x00007ff82f67c000 	/System/Library/PrivateFrameworks/FrontBoardServices.framework/Versions/A/FrontBoardServices
0x00007ff82f70e000 	/System/Library/PrivateFrameworks/BoardServices.framework/Versions/A/BoardServices
0x00007ff826ce9000 	/System/Library/PrivateFrameworks/AssertionServices.framework/Versions/A/AssertionServices
0x00007ff830dcb000 	/System/Library/PrivateFrameworks/BackBoardServices.framework/Versions/A/BackBoardServices
0x00007ff82acdf000 	/System/Library/PrivateFrameworks/CorePhoneNumbers.framework/Versions/A/CorePhoneNumbers
0x00007ff82e97e000 	/System/Library/PrivateFrameworks/DiskManagement.framework/Versions/A/DiskManagement
0x00007ff82e892000 	/System/Library/PrivateFrameworks/AppleIDAuthSupport.framework/Versions/A/AppleIDAuthSupport
0x00007ffa3b3aa000 	/System/Library/PrivateFrameworks/AAAFoundation.framework/Versions/A/AAAFoundation
0x00007ff82acc0000 	/System/Library/PrivateFrameworks/KeychainCircle.framework/Versions/A/KeychainCircle
0x00007ff82e94a000 	/System/Library/PrivateFrameworks/MediaKit.framework/Versions/A/MediaKit
0x00007ff82e89e000 	/System/Library/Frameworks/DiscRecording.framework/Versions/A/DiscRecording
0x00007ff82838c000 	/usr/lib/libCoreStorage.dylib
0x00007ff8310b8000 	/usr/lib/libcsfde.dylib
0x00007ff82b9a7000 	/System/Library/PrivateFrameworks/ProtectedCloudStorage.framework/Versions/A/ProtectedCloudStorage
0x00007ff8310b4000 	/System/Library/PrivateFrameworks/EFILogin.framework/Versions/A/EFILogin
0x00007ff82effb000 	/System/Library/PrivateFrameworks/OctagonTrust.framework/Versions/A/OctagonTrust
0x00007ffb1fa31000 	/System/Library/PrivateFrameworks/CoreUtilsExtras.framework/Versions/A/CoreUtilsExtras
0x00007ff82e7d1000 	/System/Library/Frameworks/CoreBluetooth.framework/Versions/A/CoreBluetooth
0x00007ff83172e000 	/System/Library/Frameworks/AudioUnit.framework/Versions/A/AudioUnit
0x00007ff828384000 	/usr/lib/libMatch.1.dylib
0x00007ff9264fa000 	/System/Library/Frameworks/Accelerate.framework/Versions/A/Frameworks/vImage.framework/Versions/A/Libraries/libCGInterfaces.dylib
0x000000012dbec000 	/usr/lib/libobjc-trampolines.dylib
0x00007ff823f48000 	/System/Library/PrivateFrameworks/ViewBridge.framework/Versions/A/ViewBridge
0x00007ffb322fb000 	/usr/lib/libRosetta.dylib
0x000000012f34c000 	/Users/aaron/Developer/Java/JavaFX/javafx-sdk-11.0.2/lib/libjavafx_font.dylib
0x00007ff828ae1000 	/System/Library/PrivateFrameworks/login.framework/Versions/A/login
0x00007ff82dd53000 	/System/Library/PrivateFrameworks/SystemAdministration.framework/Versions/A/SystemAdministration
0x00007ff829731000 	/System/Library/Frameworks/MediaToolbox.framework/Versions/A/MediaToolbox
0x00007ff82d658000 	/System/Library/Frameworks/DirectoryService.framework/Versions/A/DirectoryService
0x00007ff830f57000 	/System/Library/PrivateFrameworks/DiskImages.framework/Versions/A/DiskImages
0x00007ff826d91000 	/System/Library/Frameworks/ServiceManagement.framework/Versions/A/ServiceManagement
0x00007ff831130000 	/System/Library/PrivateFrameworks/LoginUIKit.framework/Versions/A/Frameworks/LoginUICore.framework/Versions/A/LoginUICore
0x00007ff828c8f000 	/usr/lib/libodfde.dylib
0x00007ff82ee2d000 	/System/Library/PrivateFrameworks/CoreAVCHD.framework/Versions/A/CoreAVCHD
0x00007ff82dd17000 	/System/Library/Frameworks/MediaAccessibility.framework/Versions/A/MediaAccessibility
0x00007ff82ee29000 	/System/Library/PrivateFrameworks/Mangrove.framework/Versions/A/Mangrove
0x00007ff82dd22000 	/System/Library/PrivateFrameworks/AlgosScoreFramework.framework/Versions/A/AlgosScoreFramework
0x00007ffb1ce99000 	/System/Library/PrivateFrameworks/CMPhoto.framework/Versions/A/CMPhoto
0x00007ff82f97d000 	/System/Library/PrivateFrameworks/AppleVPA.framework/Versions/A/AppleVPA
0x00007ff82ea6e000 	/System/Library/PrivateFrameworks/CoreAUC.framework/Versions/A/CoreAUC
0x00007ff8310c4000 	/usr/lib/libcurl.4.dylib
0x00007ff830e23000 	/usr/lib/libcrypto.44.dylib
0x00007ff830f2a000 	/usr/lib/libssl.46.dylib
0x00007ff830de9000 	/System/Library/Frameworks/LDAP.framework/Versions/A/LDAP
0x00007ff830e21000 	/System/Library/PrivateFrameworks/TrustEvaluationAgent.framework/Versions/A/TrustEvaluationAgent
0x00007ff82a5ac000 	/usr/lib/libsasl2.2.dylib
0x00007ff82dd47000 	/System/Library/PrivateFrameworks/CoreDaemon.framework/Versions/B/CoreDaemon
0x00007ff82dd42000 	/System/Library/PrivateFrameworks/AppleSRP.framework/Versions/A/AppleSRP


VM Arguments:
jvm_args: --module-path=/Users/aaron/Developer/Java/JavaFX/javafx-sdk-11.0.2/lib --add-modules=javafx.fxml,javafx.controls,javafx.graphics -Djava.library.path=/Users/aaron/Developer/Java/JavaFX/javafx-sdk-11.0.2/lib -javaagent:/Applications/IntelliJ IDEA.app/Contents/lib/idea_rt.jar=49587:/Applications/IntelliJ IDEA.app/Contents/bin -Dfile.encoding=UTF-8 
java_command: main.Main
java_class_path (initial): /Users/aaron/IdeaProjects/task-1/out/production/task-1:/Users/aaron/Developer/Java/JavaFX/javafx-sdk-11.0.2/lib/src.zip:/Users/aaron/Developer/Java/JavaFX/javafx-sdk-11.0.2/lib/javafx-swt.jar:/Users/aaron/Developer/Java/JavaFX/javafx-sdk-11.0.2/lib/javafx.web.jar:/Users/aaron/Developer/Java/JavaFX/javafx-sdk-11.0.2/lib/javafx.base.jar:/Users/aaron/Developer/Java/JavaFX/javafx-sdk-11.0.2/lib/javafx.fxml.jar:/Users/aaron/Developer/Java/JavaFX/javafx-sdk-11.0.2/lib/javafx.media.jar:/Users/aaron/Developer/Java/JavaFX/javafx-sdk-11.0.2/lib/javafx.swing.jar:/Users/aaron/Developer/Java/JavaFX/javafx-sdk-11.0.2/lib/javafx.controls.jar:/Users/aaron/Developer/Java/JavaFX/javafx-sdk-11.0.2/lib/javafx.graphics.jar
Launcher Type: SUN_STANDARD

[Global flags]
     intx CICompilerCount                          = 4                                         {product} {ergonomic}
     uint ConcGCThreads                            = 2                                         {product} {ergonomic}
     uint G1ConcRefinementThreads                  = 8                                         {product} {ergonomic}
   size_t G1HeapRegionSize                         = 1048576                                   {product} {ergonomic}
    uintx GCDrainStackTargetSize                   = 64                                        {product} {ergonomic}
   size_t InitialHeapSize                          = 134217728                                 {product} {ergonomic}
   size_t MarkStackSize                            = 4194304                                   {product} {ergonomic}
   size_t MaxHeapSize                              = 2147483648                                {product} {ergonomic}
   size_t MaxNewSize                               = 1287651328                                {product} {ergonomic}
   size_t MinHeapDeltaBytes                        = 1048576                                   {product} {ergonomic}
    uintx NonNMethodCodeHeapSize                   = 5836300                                {pd product} {ergonomic}
    uintx NonProfiledCodeHeapSize                  = 122910970                              {pd product} {ergonomic}
    uintx ProfiledCodeHeapSize                     = 122910970                              {pd product} {ergonomic}
    uintx ReservedCodeCacheSize                    = 251658240                              {pd product} {ergonomic}
     bool SegmentedCodeCache                       = true                                      {product} {ergonomic}
     bool UseCompressedClassPointers               = true                                 {lp64_product} {ergonomic}
     bool UseCompressedOops                        = true                                 {lp64_product} {ergonomic}
     bool UseG1GC                                  = true                                      {product} {ergonomic}

Logging:
Log output configuration:
 #0: stdout all=warning uptime,level,tags
 #1: stderr all=off uptime,level,tags

Environment Variables:
PATH=/opt/homebrew/bin:/opt/homebrew/sbin:/usr/local/bin:/usr/bin:/bin:/usr/sbin:/sbin:/Library/Apple/usr/bin
SHELL=/bin/zsh

Signal Handlers:
SIGSEGV: [libjvm.dylib+0x786954], sa_mask[0]=11111111111111111111111111111111, sa_flags=SA_ONSTACK|SA_RESTART|SA_SIGINFO
SIGBUS: [libjvm.dylib+0x786954], sa_mask[0]=11111111111111111111111111111111, sa_flags=SA_RESTART|SA_SIGINFO
SIGFPE: [libjvm.dylib+0x786954], sa_mask[0]=11111111111111111111111111111111, sa_flags=SA_RESTART|SA_SIGINFO
SIGPIPE: [libjvm.dylib+0x637ecb], sa_mask[0]=11111111111111111111111111111111, sa_flags=SA_RESTART|SA_SIGINFO
SIGXFSZ: [libjvm.dylib+0x637ecb], sa_mask[0]=11111111111111111111111111111111, sa_flags=SA_RESTART|SA_SIGINFO
SIGILL: [libjvm.dylib+0x786954], sa_mask[0]=11111111111111111111111111111111, sa_flags=SA_RESTART|SA_SIGINFO
SIGUSR2: [libjvm.dylib+0x6384b5], sa_mask[0]=00100000000000000000000000000000, sa_flags=SA_RESTART|SA_SIGINFO
SIGHUP: [libjvm.dylib+0x636f13], sa_mask[0]=11111111111111111111111111111111, sa_flags=SA_RESTART|SA_SIGINFO
SIGINT: [libjvm.dylib+0x636f13], sa_mask[0]=11111111111111111111111111111111, sa_flags=SA_RESTART|SA_SIGINFO
SIGTERM: [libjvm.dylib+0x636f13], sa_mask[0]=11111111111111111111111111111111, sa_flags=SA_RESTART|SA_SIGINFO
SIGQUIT: [libjvm.dylib+0x636f13], sa_mask[0]=11111111111111111111111111111111, sa_flags=SA_RESTART|SA_SIGINFO


---------------  S Y S T E M  ---------------

OS:uname:Darwin 21.1.0 Darwin Kernel Version 21.1.0: Wed Oct 13 17:33:24 PDT 2021; root:xnu-8019.41.5~1/RELEASE_ARM64_T8101 x86_64
rlimit: STACK 8176k, CORE 0k, NPROC 1333, NOFILE 10240, AS infinity, DATA infinity, FSIZE infinity
load average:4.50 3.84 3.58

CPU:total 8 (initial active 8) (1 cores per cpu, 1 threads per core) family 6 model 44 stepping 0, cmov, cx8, fxsr, mmx, sse, sse2, sse3, ssse3, sse4.1, sse4.2, popcnt, aes, clmul, tsc, tscinvbit, tscinv

Memory: 4k page, physical 8388608k(16244k free)

vm_info: Java HotSpot(TM) 64-Bit Server VM (11.0.8+10-LTS) for bsd-amd64 JRE (11.0.8+10-LTS), built on Jun 16 2020 04:52:58 by "mach5one" with gcc 4.2.1 Compatible Apple LLVM 10.0.0 (clang-1000.11.45.5)

END.
